<?xml version="1.0" encoding="UTF-8"?>
<!-- Generated by org.testng.reporters.JUnitReportReporter -->
<testsuite hostname="aditya-BBR-WAX9" failures="0" tests="4" name="basic_of_testNG.before_and_after_method" time="0.012" errors="0" timestamp="2023-05-30T20:58:46 IST" skipped="0">
  <testcase classname="basic_of_testNG.before_and_after_method" name="User_login" time="0.006"/>
  <system-out/>
  <testcase classname="basic_of_testNG.before_and_after_method" name="User_login2" time="0.004"/>
  <system-out/>
  <testcase classname="basic_of_testNG.before_and_after_method" name="User_login3" time="0.001"/>
  <system-out/>
  <testcase classname="basic_of_testNG.before_and_after_method" name="User_login1" time="0.001"/>
  <system-out/>
</testsuite> <!-- basic_of_testNG.before_and_after_method -->
