<?xml version="1.0" encoding="UTF-8"?>
<!-- Generated by org.testng.reporters.JUnitReportReporter -->
<testsuite hostname="aditya-BBR-WAX9" failures="0" tests="2" name="basic_of_testNG.TestNG_annotation" time="0.009" errors="0" timestamp="2023-05-30T16:32:21 IST" skipped="0">
  <testcase classname="basic_of_testNG.TestNG_annotation" name="test" time="0.002"/>
  <system-out/>
  <testcase classname="basic_of_testNG.TestNG_annotation" name="registration" time="0.007"/>
  <system-out/>
</testsuite> <!-- basic_of_testNG.TestNG_annotation -->
