<?xml version="1.0" encoding="UTF-8"?>
<!-- Generated by org.testng.reporters.JUnitReportReporter -->
<testsuite hostname="aditya-BBR-WAX9" failures="0" tests="2" name="first.TestNG_annotation" time="0.006" errors="0" timestamp="2023-05-30T21:34:49 IST" skipped="0">
  <testcase classname="first.TestNG_annotation" name="test" time="0.001"/>
  <system-out/>
  <testcase classname="first.TestNG_annotation" name="registration" time="0.005"/>
  <system-out/>
</testsuite> <!-- first.TestNG_annotation -->
