<?xml version="1.0" encoding="UTF-8"?>
<!-- Generated by org.testng.reporters.JUnitReportReporter -->
<testsuite hostname="aditya-BBR-WAX9" failures="0" tests="2" name="Sai_Roshini.Learning_report" time="65.990" errors="0" timestamp="2023-08-03T15:01:03 IST" skipped="0">
  <testcase classname="Sai_Roshini.Learning_report" name="Test2" time="2.184"/>
  <testcase classname="Sai_Roshini.Learning_report" name="Test1" time="63.806"/>
</testsuite> <!-- Sai_Roshini.Learning_report -->
