<?xml version="1.0" encoding="UTF-8"?>
<!-- Generated by org.testng.reporters.JUnitReportReporter -->
<testsuite hostname="aditya-BBR-WAX9" failures="0" tests="1" name="Sai_Roshini.TestNG_annotation" time="113.927" errors="0" timestamp="2023-06-29T14:55:22 IST" skipped="0">
  <testcase classname="Sai_Roshini.TestNG_annotation" name="pre_enq_upto_GetScore" time="113.927"/>
  <system-out/>
</testsuite> <!-- Sai_Roshini.TestNG_annotation -->
