<?xml version="1.0" encoding="UTF-8"?>
<!-- Generated by org.testng.reporters.JUnitReportReporter -->
<testsuite hostname="aditya-BBR-WAX9" failures="0" tests="6" name="Sai_Roshini.To_check_ssl_with_fullcode" time="347.774" errors="0" timestamp="2023-07-31T12:16:39 IST" skipped="0">
  <testcase classname="Sai_Roshini.To_check_ssl_with_fullcode" name="pre_enq_upto_GetScore" time="232.327"/>
  <testcase classname="Sai_Roshini.To_check_ssl_with_fullcode" name="delete_process_enquiry" time="17.693"/>
  <testcase classname="Sai_Roshini.To_check_ssl_with_fullcode" name="delete_process_loans" time="18.871"/>
  <testcase classname="Sai_Roshini.To_check_ssl_with_fullcode" name="delete_process_location_and_pre_enq" time="40.384"/>
  <testcase classname="Sai_Roshini.To_check_ssl_with_fullcode" name="delete_process_bank" time="22.006"/>
  <testcase classname="Sai_Roshini.To_check_ssl_with_fullcode" name="delete_client_master" time="16.493"/>
</testsuite> <!-- Sai_Roshini.To_check_ssl_with_fullcode -->
