<?xml version="1.0" encoding="UTF-8"?>
<!-- Generated by org.testng.reporters.JUnitReportReporter -->
<testsuite hostname="aditya-BBR-WAX9" failures="0" tests="3" name="first.Dependencied" time="0.014" errors="0" timestamp="2023-05-31T10:38:56 IST" skipped="0">
  <testcase classname="first.Dependencied" name="helli" time="0.001"/>
  <system-out/>
  <testcase classname="first.Dependencied" name="test" time="0.012"/>
  <system-out/>
  <testcase classname="first.Dependencied" name="hello" time="0.001"/>
  <system-out/>
</testsuite> <!-- first.Dependencied -->
